remote: [1G-----> Cleaning up...        
remote: [1G-----> Building home from herokuish...        
remote: [1G-----> Adding BUILD_ENV to build environment...        
remote: [1G[1G       [1G-----> Node.js app detected        
remote: [1G[1G               
remote: [1G[1G-----> Creating runtime environment        
remote: [1G[1G               
remote: [1G[1G       NPM_CONFIG_LOGLEVEL=error        
remote: [1G[1G       NODE_VERBOSE=false        
remote: [1G[1G       NODE_ENV=production        
remote: [1G[1G       NODE_MODULES_CACHE=true        
remote: [1G[1G               
remote: [1G[1G-----> Installing binaries        
remote: [1G[1G       engines.node (package.json):  unspecified        
remote: [1G[1G       engines.npm (package.json):   unspecified (use default)        
remote: [1G[1G       engines.yarn (package.json):  unspecified (use default)        
remote: [1G[1G               
remote: [1G[1G       Resolving node version 8.x...        
remote: [1G[1G       Downloading and installing node 8.14.0...        
remote: [1G[1G       Using default npm version: 6.4.1        
remote: [1G[1G       Resolving yarn version 1.x...        
remote: [1G[1G       Downloading and installing yarn (1.12.3)...        
remote: [1G[1G       Installed yarn 1.12.3        
remote: [1G[1G               
remote: [1G[1G-----> Restoring cache        
remote: [1G[1G       - node_modules        
remote: [1G[1G               
remote: [1G[1G-----> Building dependencies        
remote: [1G[1G       Installing node modules (yarn.lock)        
remote: [1G[1G       yarn install v1.12.3        
remote: [1G[1G       [1/4] Resolving packages...        
remote: [1G[1G       success Already up-to-date.        
remote: [1G[1G       Done in 0.12s.        
remote: [1G[1G               
remote: [1G[1G-----> Caching build        
remote: [1G[1G       - node_modules        
remote: [1G[1G               
remote: [1G[1G-----> Pruning devDependencies        
remote: [1G[1G       yarn install v1.12.3        
remote: [1G[1G       [1/4] Resolving packages...        
remote: [1G[1G       [2/4] Fetching packages...        
remote: [1G[1G       [3/4] Linking dependencies...        
remote: [1G[1G       [4/4] Building fresh packages...        
remote: [1G[1G       warning Ignored scripts due to flag.        
remote: [1G[1G       Done in 0.90s.        
remote: [1G[1G               
remote: [1G[1G-----> Build succeeded!        
remote: [1G[1G       [1G-----> Discovering process types        
remote: [1G[1G       Default types for  -> web        
remote: [1G-----> Releasing home (dokku/home:latest)...        
remote: [1G-----> Deploying home (dokku/home:latest)...        
remote: [1G-----> Attempting to run scripts.dokku.predeploy from app.json (if defined)        
remote: [1G-----> App Procfile file found (/home/dokku/home/DOKKU_PROCFILE)        
remote: [1G-----> DOKKU_SCALE file found (/home/dokku/home/DOKKU_SCALE)        
remote: [1G=====> web=1        
remote: [1G-----> Attempting pre-flight checks        
remote: [1G       For more efficient zero downtime deployments, create a file CHECKS.        
remote: [1G       See http://dokku.viewdocs.io/dokku/deployment/zero-downtime-deploys/ for examples        
remote: [1G       CHECKS file not found in container: Running simple container check...        
remote: [1G-----> Waiting for 10 seconds ...        
remote: [1G-----> Default container check successful!        
remote: [1G-----> Running post-deploy        
remote: [1G-----> Configuring codersonly.club...(using built-in template)        
remote: [1G-----> Configuring www.codersonly.club...(using built-in template)        
remote: [1G-----> Creating http nginx.conf        
remote: [1G-----> Running nginx-pre-reload        
remote: [1G       Reloading nginx        
remote: [1G-----> Setting config vars        
remote: [1G       DOKKU_APP_RESTORE:  1        
remote: [1G-----> Found previous container(s) (fdb5ce8d7fc4) named home.web.1        
remote: [1G=====> Renaming container (fdb5ce8d7fc4) home.web.1 to home.web.1.1544507421        
remote: [1G=====> Renaming container (25c9ee08c9f0) optimistic_boyd to home.web.1        
remote: [1G-----> Attempting to run scripts.dokku.postdeploy from app.json (if defined)        
remote: [1G-----> Shutting down old containers in 60 seconds        
remote: [1G=====> fdb5ce8d7fc4580c17303696e1ac50065ddcaa5671d0d038910a32c8cd490952        
remote: [1G=====> Application deployed:        
remote: [1G       http://codersonly.club        
remote: [1G       http://www.codersonly.club        
remote: [1G        
To codersonly.club:home
   780d85c..cd8a7ab  master -> master
